This file contains any messages produced by compilers while
running configure, to aid debugging if configure makes a mistake.

It was created by openbox configure 3.4.11.2, which was
generated by GNU Autoconf 2.66.  Invocation command line was

  $ ./configure --build=i686-pc-linux-gnu --host=i686-pc-linux-gnu --program-prefix= --disable-dependency-tracking --prefix=/usr --exec-prefix=/usr --bindir=/usr/bin --sbindir=/usr/sbin --sysconfdir=/etc --datadir=/usr/share --includedir=/usr/include --libdir=/usr/lib --libexecdir=/usr/libexec --localstatedir=/var --sharedstatedir=/var/lib --mandir=/usr/share/man --infodir=/usr/share/info --disable-static

## --------- ##
## Platform. ##
## --------- ##

hostname = SDE
uname -m = i686
uname -r = 2.6.35.14-106.fc14.i686
uname -s = Linux
uname -v = #1 SMP Wed Nov 23 13:57:33 UTC 2011

/usr/bin/uname -p = unknown
/bin/uname -X     = unknown

/bin/arch              = i686
/usr/bin/arch -k       = unknown
/usr/convex/getsysinfo = unknown
/usr/bin/hostinfo      = unknown
/bin/machine           = unknown
/usr/bin/oslevel       = unknown
/bin/universe          = unknown

PATH: /usr/lib/qt-3.3/bin
PATH: /usr/lib/ccache
PATH: /usr/local/sbin
PATH: /usr/local/bin
PATH: /sbin
PATH: /bin
PATH: /usr/sbin
PATH: /usr/bin
PATH: /root/bin
PATH: /root/bin


## ----------- ##
## Core tests. ##
## ----------- ##

configure:2469: checking for a BSD-compatible install
configure:2537: result: /usr/bin/install -c
configure:2548: checking whether build environment is sane
configure:2585: result: yes
configure:2647: checking for gawk
configure:2663: found /bin/gawk
configure:2674: result: gawk
configure:2685: checking whether make sets $(MAKE)
configure:2707: result: yes
configure:2917: checking build type
configure:2972: result: RELEASE
configure:2992: checking for style of include used by make
configure:3020: result: GNU
configure:3053: checking for i686-pc-linux-gnu-gcc
configure:3083: result: no
configure:3093: checking for gcc
configure:3109: found /usr/lib/ccache/gcc
configure:3120: result: gcc
configure:3349: checking for C compiler version
configure:3358: gcc --version >&5
gcc (GCC) 4.5.1 20100924 (Red Hat 4.5.1-4)
Copyright (C) 2010 Free Software Foundation, Inc.
This is free software; see the source for copying conditions.  There is NO
warranty; not even for MERCHANTABILITY or FITNESS FOR A PARTICULAR PURPOSE.

configure:3369: $? = 0
configure:3358: gcc -v >&5
Using built-in specs.
COLLECT_GCC=/usr/bin/gcc
COLLECT_LTO_WRAPPER=/usr/libexec/gcc/i686-redhat-linux/4.5.1/lto-wrapper
Target: i686-redhat-linux
Configured with: ../configure --prefix=/usr --mandir=/usr/share/man --infodir=/usr/share/info --with-bugurl=http://bugzilla.redhat.com/bugzilla --enable-bootstrap --enable-shared --enable-threads=posix --enable-checking=release --with-system-zlib --enable-__cxa_atexit --disable-libunwind-exceptions --enable-gnu-unique-object --enable-linker-build-id --enable-languages=c,c++,objc,obj-c++,java,fortran,ada,lto --enable-plugin --enable-java-awt=gtk --disable-dssi --with-java-home=/usr/lib/jvm/java-1.5.0-gcj-1.5.0.0/jre --enable-libgcj-multifile --enable-java-maintainer-mode --with-ecj-jar=/usr/share/java/eclipse-ecj.jar --disable-libjava-multilib --with-ppl --with-cloog --with-tune=generic --with-arch=i686 --build=i686-redhat-linux
Thread model: posix
gcc version 4.5.1 20100924 (Red Hat 4.5.1-4) (GCC) 
configure:3369: $? = 0
configure:3358: gcc -V >&5
gcc: '-V' option must have argument
configure:3369: $? = 1
configure:3358: gcc -qversion >&5
gcc: unrecognized option '-qversion'
gcc: no input files
configure:3369: $? = 1
configure:3389: checking whether the C compiler works
configure:3411: gcc    conftest.c  >&5
configure:3415: $? = 0
configure:3463: result: yes
configure:3466: checking for C compiler default output file name
configure:3468: result: a.out
configure:3474: checking for suffix of executables
configure:3481: gcc -o conftest    conftest.c  >&5
configure:3485: $? = 0
configure:3507: result: 
configure:3529: checking whether we are cross compiling
configure:3537: gcc -o conftest    conftest.c  >&5
configure:3541: $? = 0
configure:3548: ./conftest
configure:3552: $? = 0
configure:3567: result: no
configure:3572: checking for suffix of object files
configure:3594: gcc -c   conftest.c >&5
configure:3598: $? = 0
configure:3619: result: o
configure:3623: checking whether we are using the GNU C compiler
configure:3642: gcc -c   conftest.c >&5
configure:3642: $? = 0
configure:3651: result: yes
configure:3660: checking whether gcc accepts -g
configure:3680: gcc -c -g  conftest.c >&5
configure:3680: $? = 0
configure:3721: result: yes
configure:3738: checking for gcc option to accept ISO C89
configure:3802: gcc  -c -g -O2  conftest.c >&5
configure:3802: $? = 0
configure:3815: result: none needed
configure:3837: checking dependency style of gcc
configure:3927: result: none
configure:3945: checking whether gcc and cc understand -c and -o together
configure:3976: gcc -c conftest.c -o conftest2.o >&5
configure:3980: $? = 0
configure:3986: gcc -c conftest.c -o conftest2.o >&5
configure:3990: $? = 0
configure:4001: cc -c conftest.c >&5
configure:4005: $? = 0
configure:4013: cc -c conftest.c -o conftest2.o >&5
configure:4017: $? = 0
configure:4023: cc -c conftest.c -o conftest2.o >&5
configure:4027: $? = 0
configure:4045: result: yes
configure:4073: checking how to run the C preprocessor
configure:4104: gcc -E  conftest.c
configure:4104: $? = 0
configure:4118: gcc -E  conftest.c
conftest.c:11:28: fatal error: ac_nonexistent.h: No such file or directory
compilation terminated.
configure:4118: $? = 1
configure: failed program was:
| /* confdefs.h */
| #define PACKAGE_NAME "openbox"
| #define PACKAGE_TARNAME "openbox"
| #define PACKAGE_VERSION "3.4.11.2"
| #define PACKAGE_STRING "openbox 3.4.11.2"
| #define PACKAGE_BUGREPORT "http://bugzilla.icculus.org"
| #define PACKAGE_URL ""
| #define PACKAGE "openbox"
| #define VERSION "3.4.11.2"
| /* end confdefs.h.  */
| #include <ac_nonexistent.h>
configure:4143: result: gcc -E
configure:4163: gcc -E  conftest.c
configure:4163: $? = 0
configure:4177: gcc -E  conftest.c
conftest.c:11:28: fatal error: ac_nonexistent.h: No such file or directory
compilation terminated.
configure:4177: $? = 1
configure: failed program was:
| /* confdefs.h */
| #define PACKAGE_NAME "openbox"
| #define PACKAGE_TARNAME "openbox"
| #define PACKAGE_VERSION "3.4.11.2"
| #define PACKAGE_STRING "openbox 3.4.11.2"
| #define PACKAGE_BUGREPORT "http://bugzilla.icculus.org"
| #define PACKAGE_URL ""
| #define PACKAGE "openbox"
| #define VERSION "3.4.11.2"
| /* end confdefs.h.  */
| #include <ac_nonexistent.h>
configure:4219: checking for GNU CC
configure:4222: result: yes
configure:4242: checking for compiler specific flags
configure:4244: result: -DNDEBUG -DG_DISABLE_ASSERT -fno-strict-aliasing
configure:4250: checking for an ANSI C-conforming const
configure:4315: gcc -c -g -O2 -DNDEBUG -DG_DISABLE_ASSERT -fno-strict-aliasing  conftest.c >&5
configure:4315: $? = 0
configure:4322: result: yes
configure:4330: checking for inline
configure:4346: gcc -c -g -O2 -DNDEBUG -DG_DISABLE_ASSERT -fno-strict-aliasing  conftest.c >&5
configure:4346: $? = 0
configure:4354: result: inline
configure:4402: checking build system type
configure:4416: result: i686-pc-linux-gnu
configure:4436: checking host system type
configure:4449: result: i686-pc-linux-gnu
configure:4469: checking for a sed that does not truncate output
configure:4533: result: /bin/sed
configure:4551: checking for grep that handles long lines and -e
configure:4609: result: /bin/grep
configure:4614: checking for egrep
configure:4676: result: /bin/grep -E
configure:4681: checking for fgrep
configure:4743: result: /bin/grep -F
configure:4778: checking for ld used by gcc
configure:4845: result: /usr/bin/ld
configure:4852: checking if the linker (/usr/bin/ld) is GNU ld
configure:4867: result: yes
configure:4879: checking for BSD- or MS-compatible name lister (nm)
configure:4928: result: /usr/bin/nm -B
configure:5046: checking the name lister (/usr/bin/nm -B) interface
configure:5053: gcc -c -g -O2 -DNDEBUG -DG_DISABLE_ASSERT -fno-strict-aliasing  conftest.c >&5
configure:5056: /usr/bin/nm -B "conftest.o"
configure:5059: output
00000000 B some_variable
configure:5066: result: BSD nm
configure:5069: checking whether ln -s works
configure:5073: result: yes
configure:5081: checking the maximum length of command line arguments
configure:5201: result: 1572864
configure:5218: checking whether the shell understands some XSI constructs
configure:5228: result: yes
configure:5232: checking whether the shell understands "+="
configure:5238: result: yes
configure:5273: checking for /usr/bin/ld option to reload object files
configure:5280: result: -r
configure:5309: checking for i686-pc-linux-gnu-objdump
configure:5339: result: no
configure:5349: checking for objdump
configure:5365: found /usr/bin/objdump
configure:5376: result: objdump
configure:5408: checking how to recognize dependent libraries
configure:5604: result: pass_all
configure:5624: checking for i686-pc-linux-gnu-ar
configure:5654: result: no
configure:5664: checking for ar
configure:5680: found /usr/bin/ar
configure:5691: result: ar
configure:5729: checking for i686-pc-linux-gnu-strip
configure:5759: result: no
configure:5769: checking for strip
configure:5785: found /usr/bin/strip
configure:5796: result: strip
configure:5828: checking for i686-pc-linux-gnu-ranlib
configure:5858: result: no
configure:5868: checking for ranlib
configure:5884: found /usr/bin/ranlib
configure:5895: result: ranlib
configure:5985: checking command to parse /usr/bin/nm -B output from gcc object
configure:6103: gcc -c -g -O2 -DNDEBUG -DG_DISABLE_ASSERT -fno-strict-aliasing  conftest.c >&5
configure:6106: $? = 0
configure:6110: /usr/bin/nm -B conftest.o \| sed -n -e 's/^.*[	 ]\([ABCDGIRSTW][ABCDGIRSTW]*\)[	 ][	 ]*\([_A-Za-z][_A-Za-z0-9]*\)$/\1 \2 \2/p' \> conftest.nm
configure:6113: $? = 0
configure:6167: gcc -o conftest -g -O2 -DNDEBUG -DG_DISABLE_ASSERT -fno-strict-aliasing   conftest.c conftstm.o >&5
configure:6170: $? = 0
configure:6208: result: ok
configure:7012: checking for ANSI C header files
configure:7032: gcc -c -g -O2 -DNDEBUG -DG_DISABLE_ASSERT -fno-strict-aliasing  conftest.c >&5
configure:7032: $? = 0
configure:7105: gcc -o conftest -g -O2 -DNDEBUG -DG_DISABLE_ASSERT -fno-strict-aliasing   conftest.c   >&5
configure:7105: $? = 0
configure:7105: ./conftest
configure:7105: $? = 0
configure:7116: result: yes
configure:7129: checking for sys/types.h
configure:7129: gcc -c -g -O2 -DNDEBUG -DG_DISABLE_ASSERT -fno-strict-aliasing  conftest.c >&5
configure:7129: $? = 0
configure:7129: result: yes
configure:7129: checking for sys/stat.h
configure:7129: gcc -c -g -O2 -DNDEBUG -DG_DISABLE_ASSERT -fno-strict-aliasing  conftest.c >&5
configure:7129: $? = 0
configure:7129: result: yes
configure:7129: checking for stdlib.h
configure:7129: gcc -c -g -O2 -DNDEBUG -DG_DISABLE_ASSERT -fno-strict-aliasing  conftest.c >&5
configure:7129: $? = 0
configure:7129: result: yes
configure:7129: checking for string.h
configure:7129: gcc -c -g -O2 -DNDEBUG -DG_DISABLE_ASSERT -fno-strict-aliasing  conftest.c >&5
configure:7129: $? = 0
configure:7129: result: yes
configure:7129: checking for memory.h
configure:7129: gcc -c -g -O2 -DNDEBUG -DG_DISABLE_ASSERT -fno-strict-aliasing  conftest.c >&5
configure:7129: $? = 0
configure:7129: result: yes
configure:7129: checking for strings.h
configure:7129: gcc -c -g -O2 -DNDEBUG -DG_DISABLE_ASSERT -fno-strict-aliasing  conftest.c >&5
configure:7129: $? = 0
configure:7129: result: yes
configure:7129: checking for inttypes.h
configure:7129: gcc -c -g -O2 -DNDEBUG -DG_DISABLE_ASSERT -fno-strict-aliasing  conftest.c >&5
configure:7129: $? = 0
configure:7129: result: yes
configure:7129: checking for stdint.h
configure:7129: gcc -c -g -O2 -DNDEBUG -DG_DISABLE_ASSERT -fno-strict-aliasing  conftest.c >&5
configure:7129: $? = 0
configure:7129: result: yes
configure:7129: checking for unistd.h
configure:7129: gcc -c -g -O2 -DNDEBUG -DG_DISABLE_ASSERT -fno-strict-aliasing  conftest.c >&5
configure:7129: $? = 0
configure:7129: result: yes
configure:7143: checking for dlfcn.h
configure:7143: gcc -c -g -O2 -DNDEBUG -DG_DISABLE_ASSERT -fno-strict-aliasing  conftest.c >&5
configure:7143: $? = 0
configure:7143: result: yes
configure:7327: checking for objdir
configure:7342: result: .libs
configure:7638: checking if gcc supports -fno-rtti -fno-exceptions
configure:7656: gcc -c -g -O2 -DNDEBUG -DG_DISABLE_ASSERT -fno-strict-aliasing  -fno-rtti -fno-exceptions conftest.c >&5
cc1: warning: command line option "-fno-rtti" is valid for C++/ObjC++ but not for C
cc1: warning: command line option "-fno-rtti" is valid for C++/ObjC++ but not for C
configure:7660: $? = 0
configure:7673: result: no
configure:7693: checking for gcc option to produce PIC
configure:7965: result: -fPIC -DPIC
configure:7977: checking if gcc PIC flag -fPIC -DPIC works
configure:7995: gcc -c -g -O2 -DNDEBUG -DG_DISABLE_ASSERT -fno-strict-aliasing  -fPIC -DPIC -DPIC conftest.c >&5
configure:7999: $? = 0
configure:8012: result: yes
configure:8036: checking if gcc static flag -static works
configure:8064: result: no
configure:8079: checking if gcc supports -c -o file.o
configure:8100: gcc -c -g -O2 -DNDEBUG -DG_DISABLE_ASSERT -fno-strict-aliasing  -o out/conftest2.o conftest.c >&5
configure:8104: $? = 0
configure:8126: result: yes
configure:8134: checking if gcc supports -c -o file.o
configure:8181: result: yes
configure:8214: checking whether the gcc linker (/usr/bin/ld) supports shared libraries
configure:9200: result: yes
configure:9237: checking whether -lc should be explicitly linked in
configure:9242: gcc -c -g -O2 -DNDEBUG -DG_DISABLE_ASSERT -fno-strict-aliasing  conftest.c >&5
configure:9245: $? = 0
configure:9260: gcc -shared conftest.o  -v -Wl,-soname -Wl,conftest -o conftest 2\>\&1 \| /bin/grep  -lc  \>/dev/null 2\>\&1
configure:9263: $? = 0
configure:9275: result: no
configure:9439: checking dynamic linker characteristics
configure:9885: gcc -o conftest -g -O2 -DNDEBUG -DG_DISABLE_ASSERT -fno-strict-aliasing   -Wl,-rpath -Wl,/foo conftest.c   >&5
configure:9885: $? = 0
configure:10103: result: GNU/Linux ld.so
configure:10205: checking how to hardcode library paths into programs
configure:10230: result: immediate
configure:10750: checking whether stripping libraries is possible
configure:10755: result: yes
configure:10790: checking if libtool supports shared libraries
configure:10792: result: yes
configure:10795: checking whether to build shared libraries
configure:10816: result: yes
configure:10819: checking whether to build static libraries
configure:10823: result: no
configure:10865: checking whether NLS is requested
configure:10874: result: yes
configure:10912: checking for msgfmt
configure: trying /usr/bin/msgfmt...
0 translated messages.
configure:10944: result: /usr/bin/msgfmt
configure:10953: checking for gmsgfmt
configure:10984: result: /usr/bin/msgfmt
configure:11035: checking for xgettext
configure: trying /usr/bin/xgettext...
/usr/bin/xgettext: warning: file `/dev/null' extension `' is unknown; will try C
configure:11067: result: /usr/bin/xgettext
configure:11113: checking for msgmerge
configure: trying /usr/bin/msgmerge...
configure:11144: result: /usr/bin/msgmerge
configure:11198: checking for ld used by GCC
configure:11262: result: /usr/bin/ld
configure:11269: checking if the linker (/usr/bin/ld) is GNU ld
configure:11282: result: yes
configure:11289: checking for shared library run path origin
configure:11302: result: done
configure:11738: checking for CFPreferencesCopyAppValue
configure:11756: gcc -o conftest -g -O2 -DNDEBUG -DG_DISABLE_ASSERT -fno-strict-aliasing   conftest.c   -Wl,-framework -Wl,CoreFoundation >&5
conftest.c:23:42: fatal error: CoreFoundation/CFPreferences.h: No such file or directory
compilation terminated.
configure:11756: $? = 1
configure: failed program was:
| /* confdefs.h */
| #define PACKAGE_NAME "openbox"
| #define PACKAGE_TARNAME "openbox"
| #define PACKAGE_VERSION "3.4.11.2"
| #define PACKAGE_STRING "openbox 3.4.11.2"
| #define PACKAGE_BUGREPORT "http://bugzilla.icculus.org"
| #define PACKAGE_URL ""
| #define PACKAGE "openbox"
| #define VERSION "3.4.11.2"
| #define STDC_HEADERS 1
| #define HAVE_SYS_TYPES_H 1
| #define HAVE_SYS_STAT_H 1
| #define HAVE_STDLIB_H 1
| #define HAVE_STRING_H 1
| #define HAVE_MEMORY_H 1
| #define HAVE_STRINGS_H 1
| #define HAVE_INTTYPES_H 1
| #define HAVE_STDINT_H 1
| #define HAVE_UNISTD_H 1
| #define HAVE_DLFCN_H 1
| #define LT_OBJDIR ".libs/"
| /* end confdefs.h.  */
| #include <CoreFoundation/CFPreferences.h>
| int
| main ()
| {
| CFPreferencesCopyAppValue(NULL, NULL)
|   ;
|   return 0;
| }
configure:11765: result: no
configure:11772: checking for CFLocaleCopyCurrent
configure:11790: gcc -o conftest -g -O2 -DNDEBUG -DG_DISABLE_ASSERT -fno-strict-aliasing   conftest.c   -Wl,-framework -Wl,CoreFoundation >&5
conftest.c:23:37: fatal error: CoreFoundation/CFLocale.h: No such file or directory
compilation terminated.
configure:11790: $? = 1
configure: failed program was:
| /* confdefs.h */
| #define PACKAGE_NAME "openbox"
| #define PACKAGE_TARNAME "openbox"
| #define PACKAGE_VERSION "3.4.11.2"
| #define PACKAGE_STRING "openbox 3.4.11.2"
| #define PACKAGE_BUGREPORT "http://bugzilla.icculus.org"
| #define PACKAGE_URL ""
| #define PACKAGE "openbox"
| #define VERSION "3.4.11.2"
| #define STDC_HEADERS 1
| #define HAVE_SYS_TYPES_H 1
| #define HAVE_SYS_STAT_H 1
| #define HAVE_STDLIB_H 1
| #define HAVE_STRING_H 1
| #define HAVE_MEMORY_H 1
| #define HAVE_STRINGS_H 1
| #define HAVE_INTTYPES_H 1
| #define HAVE_STDINT_H 1
| #define HAVE_UNISTD_H 1
| #define HAVE_DLFCN_H 1
| #define LT_OBJDIR ".libs/"
| /* end confdefs.h.  */
| #include <CoreFoundation/CFLocale.h>
| int
| main ()
| {
| CFLocaleCopyCurrent();
|   ;
|   return 0;
| }
configure:11799: result: no
configure:11828: checking for GNU gettext in libc
configure:11847: gcc -o conftest -g -O2 -DNDEBUG -DG_DISABLE_ASSERT -fno-strict-aliasing   conftest.c   >&5
configure:11847: $? = 0
configure:11855: result: yes
configure:12444: checking whether to use NLS
configure:12446: result: yes
configure:12449: checking where the gettext function comes from
configure:12460: result: libc
configure:12521: checking ctype.h usability
configure:12521: gcc -c -g -O2 -DNDEBUG -DG_DISABLE_ASSERT -fno-strict-aliasing  conftest.c >&5
configure:12521: $? = 0
configure:12521: result: yes
configure:12521: checking ctype.h presence
configure:12521: gcc -E  conftest.c
configure:12521: $? = 0
configure:12521: result: yes
configure:12521: checking for ctype.h
configure:12521: result: yes
configure:12521: checking fcntl.h usability
configure:12521: gcc -c -g -O2 -DNDEBUG -DG_DISABLE_ASSERT -fno-strict-aliasing  conftest.c >&5
configure:12521: $? = 0
configure:12521: result: yes
configure:12521: checking fcntl.h presence
configure:12521: gcc -E  conftest.c
configure:12521: $? = 0
configure:12521: result: yes
configure:12521: checking for fcntl.h
configure:12521: result: yes
configure:12521: checking locale.h usability
configure:12521: gcc -c -g -O2 -DNDEBUG -DG_DISABLE_ASSERT -fno-strict-aliasing  conftest.c >&5
configure:12521: $? = 0
configure:12521: result: yes
configure:12521: checking locale.h presence
configure:12521: gcc -E  conftest.c
configure:12521: $? = 0
configure:12521: result: yes
configure:12521: checking for locale.h
configure:12521: result: yes
configure:12521: checking signal.h usability
configure:12521: gcc -c -g -O2 -DNDEBUG -DG_DISABLE_ASSERT -fno-strict-aliasing  conftest.c >&5
configure:12521: $? = 0
configure:12521: result: yes
configure:12521: checking signal.h presence
configure:12521: gcc -E  conftest.c
configure:12521: $? = 0
configure:12521: result: yes
configure:12521: checking for signal.h
configure:12521: result: yes
configure:12521: checking for string.h
configure:12521: result: yes
configure:12521: checking stdio.h usability
configure:12521: gcc -c -g -O2 -DNDEBUG -DG_DISABLE_ASSERT -fno-strict-aliasing  conftest.c >&5
configure:12521: $? = 0
configure:12521: result: yes
configure:12521: checking stdio.h presence
configure:12521: gcc -E  conftest.c
configure:12521: $? = 0
configure:12521: result: yes
configure:12521: checking for stdio.h
configure:12521: result: yes
configure:12521: checking for stdlib.h
configure:12521: result: yes
configure:12534: checking for unistd.h
configure:12534: result: yes
configure:12534: checking for sys/stat.h
configure:12534: result: yes
configure:12534: checking sys/select.h usability
configure:12534: gcc -c -g -O2 -DNDEBUG -DG_DISABLE_ASSERT -fno-strict-aliasing  conftest.c >&5
configure:12534: $? = 0
configure:12534: result: yes
configure:12534: checking sys/select.h presence
configure:12534: gcc -E  conftest.c
configure:12534: $? = 0
configure:12534: result: yes
configure:12534: checking for sys/select.h
configure:12534: result: yes
configure:12534: checking sys/time.h usability
configure:12534: gcc -c -g -O2 -DNDEBUG -DG_DISABLE_ASSERT -fno-strict-aliasing  conftest.c >&5
configure:12534: $? = 0
configure:12534: result: yes
configure:12534: checking sys/time.h presence
configure:12534: gcc -E  conftest.c
configure:12534: $? = 0
configure:12534: result: yes
configure:12534: checking for sys/time.h
configure:12534: result: yes
configure:12534: checking sys/wait.h usability
configure:12534: gcc -c -g -O2 -DNDEBUG -DG_DISABLE_ASSERT -fno-strict-aliasing  conftest.c >&5
configure:12534: $? = 0
configure:12534: result: yes
configure:12534: checking sys/wait.h presence
configure:12534: gcc -E  conftest.c
configure:12534: $? = 0
configure:12534: result: yes
configure:12534: checking for sys/wait.h
configure:12534: result: yes
configure:12549: checking for sed
configure:12580: result: /bin/sed
configure:12598: checking for i686-pc-linux-gnu-pkg-config
configure:12631: result: no
configure:12641: checking for pkg-config
configure:12659: found /usr/bin/pkg-config
configure:12671: result: /usr/bin/pkg-config
configure:12696: checking pkg-config is at least version 0.9.0
configure:12699: result: yes
configure:12710: checking for GLIB
configure:12717: $PKG_CONFIG --exists --print-errors "glib-2.0 >= 2.14.0"
configure:12720: $? = 0
configure:12733: $PKG_CONFIG --exists --print-errors "glib-2.0 >= 2.14.0"
configure:12736: $? = 0
configure:12790: result: yes
configure:12799: checking for PANGO
configure:12806: $PKG_CONFIG --exists --print-errors "pango >= 1.8.0 pangoxft >= 1.8.0"
configure:12809: $? = 0
configure:12822: $PKG_CONFIG --exists --print-errors "pango >= 1.8.0 pangoxft >= 1.8.0"
configure:12825: $? = 0
configure:12879: result: yes
configure:12888: checking for XFT
configure:12895: $PKG_CONFIG --exists --print-errors "xft"
configure:12898: $? = 0
configure:12911: $PKG_CONFIG --exists --print-errors "xft"
configure:12914: $? = 0
configure:12968: result: yes
configure:12977: checking for XML
configure:12984: $PKG_CONFIG --exists --print-errors "libxml-2.0 >= 2.6.0"
configure:12987: $? = 0
configure:13000: $PKG_CONFIG --exists --print-errors "libxml-2.0 >= 2.6.0"
configure:13003: $? = 0
configure:13057: result: yes
configure:13076: checking for LIBSN
configure:13083: $PKG_CONFIG --exists --print-errors "libstartup-notification-1.0 >= 0.8"
configure:13086: $? = 0
configure:13099: $PKG_CONFIG --exists --print-errors "libstartup-notification-1.0 >= 0.8"
configure:13102: $? = 0
configure:13143: result: yes
configure:13170: checking for XCURSOR
configure:13177: $PKG_CONFIG --exists --print-errors "xcursor"
configure:13180: $? = 0
configure:13193: $PKG_CONFIG --exists --print-errors "xcursor"
configure:13196: $? = 0
configure:13237: result: yes
configure:13252: checking for X
configure:13360: gcc -E  conftest.c
configure:13360: $? = 0
configure:13391: gcc -o conftest -g -O2 -DNDEBUG -DG_DISABLE_ASSERT -fno-strict-aliasing   conftest.c -lX11   >&5
configure:13391: $? = 0
configure:13441: result: libraries , headers 
configure:13541: gcc -o conftest -g -O2 -DNDEBUG -DG_DISABLE_ASSERT -fno-strict-aliasing   conftest.c    -lX11 >&5
configure:13541: $? = 0
configure:13639: checking for gethostbyname
configure:13639: gcc -o conftest -g -O2 -DNDEBUG -DG_DISABLE_ASSERT -fno-strict-aliasing   conftest.c   >&5
configure:13639: $? = 0
configure:13639: result: yes
configure:13736: checking for connect
configure:13736: gcc -o conftest -g -O2 -DNDEBUG -DG_DISABLE_ASSERT -fno-strict-aliasing   conftest.c   >&5
configure:13736: $? = 0
configure:13736: result: yes
configure:13785: checking for remove
configure:13785: gcc -o conftest -g -O2 -DNDEBUG -DG_DISABLE_ASSERT -fno-strict-aliasing   conftest.c   >&5
configure:13785: $? = 0
configure:13785: result: yes
configure:13834: checking for shmat
configure:13834: gcc -o conftest -g -O2 -DNDEBUG -DG_DISABLE_ASSERT -fno-strict-aliasing   conftest.c   >&5
configure:13834: $? = 0
configure:13834: result: yes
configure:13892: checking for IceConnectionNumber in -lICE
configure:13917: gcc -o conftest -g -O2 -DNDEBUG -DG_DISABLE_ASSERT -fno-strict-aliasing   conftest.c -lICE    >&5
configure:13917: $? = 0
configure:13926: result: yes
configure:13948: checking for XOpenDisplay in -lX11
configure:13973: gcc -o conftest -g -O2 -DNDEBUG -DG_DISABLE_ASSERT -fno-strict-aliasing    conftest.c -lX11     -lSM -lICE  -lX11 >&5
configure:13973: $? = 0
configure:13982: result: yes
configure:14023: checking for SmcSaveYourselfDone in -lSM
configure:14048: gcc -o conftest -g -O2 -DNDEBUG -DG_DISABLE_ASSERT -fno-strict-aliasing    conftest.c -lSM     -lSM -lICE  -lX11 >&5
configure:14048: $? = 0
configure:14057: result: yes
configure:14063: checking X11/SM/SMlib.h usability
configure:14063: gcc -c -g -O2 -DNDEBUG -DG_DISABLE_ASSERT -fno-strict-aliasing   conftest.c >&5
configure:14063: $? = 0
configure:14063: result: yes
configure:14063: checking X11/SM/SMlib.h presence
configure:14063: gcc -E   conftest.c
configure:14063: $? = 0
configure:14063: result: yes
configure:14063: checking for X11/SM/SMlib.h
configure:14063: result: yes
configure:14090: checking for session management support
configure:14093: result: yes
configure:14115: checking for XkbBell in -lX11
configure:14140: gcc -o conftest -g -O2 -DNDEBUG -DG_DISABLE_ASSERT -fno-strict-aliasing    conftest.c -lX11     -lSM -lICE  -lX11 >&5
configure:14140: $? = 0
configure:14149: result: yes
configure:14152: checking for X11/XKBlib.h
configure:14173: gcc -o conftest -g -O2 -DNDEBUG -DG_DISABLE_ASSERT -fno-strict-aliasing    conftest.c    -lSM -lICE  -lX11 >&5
configure:14173: $? = 0
configure:14175: result: yes
configure:14203: checking for the Xkb extension
configure:14206: result: yes
configure:14223: checking for XRRSelectInput in -lXrandr
configure:14248: gcc -o conftest -g -O2 -DNDEBUG -DG_DISABLE_ASSERT -fno-strict-aliasing    conftest.c -lXrandr     -lSM -lICE  -lX11 -lXext -lXrender -lXrandr >&5
configure:14248: $? = 0
configure:14257: result: yes
configure:14260: checking for X11/extensions/Xrandr.h
configure:14282: gcc -o conftest -g -O2 -DNDEBUG -DG_DISABLE_ASSERT -fno-strict-aliasing    conftest.c    -lSM -lICE  -lX11 -lXext -lXrender -lXrandr >&5
configure:14282: $? = 0
configure:14284: result: yes
configure:14312: checking for the XRandR extension
configure:14315: result: yes
configure:14332: checking for XShapeCombineShape in -lXext
configure:14357: gcc -o conftest -g -O2 -DNDEBUG -DG_DISABLE_ASSERT -fno-strict-aliasing    conftest.c -lXext     -lSM -lICE  -lX11 >&5
configure:14357: $? = 0
configure:14366: result: yes
configure:14369: checking for X11/extensions/shape.h
configure:14388: gcc -o conftest -g -O2 -DNDEBUG -DG_DISABLE_ASSERT -fno-strict-aliasing    conftest.c    -lSM -lICE  -lX11 >&5
configure:14388: $? = 0
configure:14390: result: yes
configure:14418: checking for the Shape extension
configure:14421: result: yes
configure:14438: checking for XineramaQueryExtension in -lXinerama
configure:14463: gcc -o conftest -g -O2 -DNDEBUG -DG_DISABLE_ASSERT -fno-strict-aliasing    conftest.c -lXinerama     -lSM -lICE  -lX11 -lXext >&5
configure:14463: $? = 0
configure:14472: result: yes
configure:14476: checking for X11/extensions/Xinerama.h
configure:14494: gcc -o conftest -g -O2 -DNDEBUG -DG_DISABLE_ASSERT -fno-strict-aliasing    conftest.c    -lSM -lICE  -lX11 -lXext >&5
configure:14494: $? = 0
configure:14496: result: yes
configure:14521: checking for the Xinerama extension
configure:14524: result: yes
configure:14541: checking for XSyncInitialize in -lXext
configure:14566: gcc -o conftest -g -O2 -DNDEBUG -DG_DISABLE_ASSERT -fno-strict-aliasing    conftest.c -lXext     -lSM -lICE  -lX11 >&5
configure:14566: $? = 0
configure:14575: result: yes
configure:14578: checking for X11/extensions/sync.h
configure:14597: gcc -o conftest -g -O2 -DNDEBUG -DG_DISABLE_ASSERT -fno-strict-aliasing    conftest.c    -lSM -lICE  -lX11 >&5
configure:14597: $? = 0
configure:14599: result: yes
configure:14627: checking for the Sync extension
configure:14630: result: yes
configure:14793: creating ./config.status

## ---------------------- ##
## Running config.status. ##
## ---------------------- ##

This file was extended by openbox config.status 3.4.11.2, which was
generated by GNU Autoconf 2.66.  Invocation command line was

  CONFIG_FILES    = 
  CONFIG_HEADERS  = 
  CONFIG_LINKS    = 
  CONFIG_COMMANDS = 
  $ ./config.status 

on SDE

config.status:1056: creating Makefile
config.status:1056: creating m4/Makefile
config.status:1056: creating po/Makefile.in
config.status:1056: creating render/obrender-3.0.pc
config.status:1056: creating parser/obparser-3.0.pc
config.status:1056: creating version.h
config.status:1221: executing depfiles commands
config.status:1221: executing libtool commands
config.status:1221: executing po-directories commands
config.status:1221: executing doc commands
config.status:1221: executing data commands
config.status:1221: executing data/xsession commands
configure:16931: result: 
configure:16937: result: Compiling with these options:
               Startup Notification... yes
               X Cursor Library... yes
               Session Management... yes
               
configure:16943: result: configure complete, now type "make"

## ---------------- ##
## Cache variables. ##
## ---------------- ##

ac_cv_build=i686-pc-linux-gnu
ac_cv_c_compiler_gnu=yes
ac_cv_c_const=yes
ac_cv_c_inline=inline
ac_cv_env_CC_set=
ac_cv_env_CC_value=
ac_cv_env_CFLAGS_set=
ac_cv_env_CFLAGS_value=
ac_cv_env_CPPFLAGS_set=
ac_cv_env_CPPFLAGS_value=
ac_cv_env_CPP_set=
ac_cv_env_CPP_value=
ac_cv_env_GLIB_CFLAGS_set=
ac_cv_env_GLIB_CFLAGS_value=
ac_cv_env_GLIB_LIBS_set=
ac_cv_env_GLIB_LIBS_value=
ac_cv_env_LDFLAGS_set=
ac_cv_env_LDFLAGS_value=
ac_cv_env_LIBSN_CFLAGS_set=
ac_cv_env_LIBSN_CFLAGS_value=
ac_cv_env_LIBSN_LIBS_set=
ac_cv_env_LIBSN_LIBS_value=
ac_cv_env_LIBS_set=
ac_cv_env_LIBS_value=
ac_cv_env_PANGO_CFLAGS_set=
ac_cv_env_PANGO_CFLAGS_value=
ac_cv_env_PANGO_LIBS_set=
ac_cv_env_PANGO_LIBS_value=
ac_cv_env_PKG_CONFIG_set=
ac_cv_env_PKG_CONFIG_value=
ac_cv_env_XCURSOR_CFLAGS_set=
ac_cv_env_XCURSOR_CFLAGS_value=
ac_cv_env_XCURSOR_LIBS_set=
ac_cv_env_XCURSOR_LIBS_value=
ac_cv_env_XFT_CFLAGS_set=
ac_cv_env_XFT_CFLAGS_value=
ac_cv_env_XFT_LIBS_set=
ac_cv_env_XFT_LIBS_value=
ac_cv_env_XMKMF_set=
ac_cv_env_XMKMF_value=
ac_cv_env_XML_CFLAGS_set=
ac_cv_env_XML_CFLAGS_value=
ac_cv_env_XML_LIBS_set=
ac_cv_env_XML_LIBS_value=
ac_cv_env_build_alias_set=set
ac_cv_env_build_alias_value=i686-pc-linux-gnu
ac_cv_env_host_alias_set=set
ac_cv_env_host_alias_value=i686-pc-linux-gnu
ac_cv_env_target_alias_set=
ac_cv_env_target_alias_value=
ac_cv_func_connect=yes
ac_cv_func_gethostbyname=yes
ac_cv_func_remove=yes
ac_cv_func_shmat=yes
ac_cv_have_x='have_x=yes	ac_x_includes='\'''\''	ac_x_libraries='\'''\'''
ac_cv_header_X11_SM_SMlib_h=yes
ac_cv_header_ctype_h=yes
ac_cv_header_dlfcn_h=yes
ac_cv_header_fcntl_h=yes
ac_cv_header_inttypes_h=yes
ac_cv_header_locale_h=yes
ac_cv_header_memory_h=yes
ac_cv_header_signal_h=yes
ac_cv_header_stdc=yes
ac_cv_header_stdint_h=yes
ac_cv_header_stdio_h=yes
ac_cv_header_stdlib_h=yes
ac_cv_header_string_h=yes
ac_cv_header_strings_h=yes
ac_cv_header_sys_select_h=yes
ac_cv_header_sys_stat_h=yes
ac_cv_header_sys_time_h=yes
ac_cv_header_sys_types_h=yes
ac_cv_header_sys_wait_h=yes
ac_cv_header_unistd_h=yes
ac_cv_host=i686-pc-linux-gnu
ac_cv_lib_ICE_IceConnectionNumber=yes
ac_cv_lib_SM_SmcSaveYourselfDone=yes
ac_cv_lib_X11_XOpenDisplay=yes
ac_cv_lib_X11_XkbBell=yes
ac_cv_lib_Xext_XShapeCombineShape=yes
ac_cv_lib_Xext_XSyncInitialize=yes
ac_cv_lib_Xinerama_XineramaQueryExtension=yes
ac_cv_lib_Xrandr_XRRSelectInput=yes
ac_cv_objext=o
ac_cv_path_EGREP='/bin/grep -E'
ac_cv_path_FGREP='/bin/grep -F'
ac_cv_path_GMSGFMT=/usr/bin/msgfmt
ac_cv_path_GREP=/bin/grep
ac_cv_path_MSGFMT=/usr/bin/msgfmt
ac_cv_path_MSGMERGE=/usr/bin/msgmerge
ac_cv_path_SED=/bin/sed
ac_cv_path_XGETTEXT=/usr/bin/xgettext
ac_cv_path_ac_pt_PKG_CONFIG=/usr/bin/pkg-config
ac_cv_path_install='/usr/bin/install -c'
ac_cv_prog_AWK=gawk
ac_cv_prog_CPP='gcc -E'
ac_cv_prog_ac_ct_AR=ar
ac_cv_prog_ac_ct_CC=gcc
ac_cv_prog_ac_ct_OBJDUMP=objdump
ac_cv_prog_ac_ct_RANLIB=ranlib
ac_cv_prog_ac_ct_STRIP=strip
ac_cv_prog_cc_c89=
ac_cv_prog_cc_g=yes
ac_cv_prog_cc_gcc_c_o=yes
ac_cv_prog_make_make_set=yes
acl_cv_hardcode_direct=no
acl_cv_hardcode_libdir_flag_spec='${wl}-rpath ${wl}$libdir'
acl_cv_hardcode_libdir_separator=
acl_cv_hardcode_minus_L=no
acl_cv_libext=a
acl_cv_path_LD=/usr/bin/ld
acl_cv_prog_gnu_ld=yes
acl_cv_rpath=done
acl_cv_shlibext=so
acl_cv_wl=-Wl,
am_cv_CC_dependencies_compiler_type=none
gt_cv_func_CFLocaleCopyCurrent=no
gt_cv_func_CFPreferencesCopyAppValue=no
gt_cv_func_gnugettext1_libc=yes
lt_cv_deplibs_check_method=pass_all
lt_cv_file_magic_cmd='$MAGIC_CMD'
lt_cv_file_magic_test_file=
lt_cv_ld_reload_flag=-r
lt_cv_nm_interface='BSD nm'
lt_cv_objdir=.libs
lt_cv_path_LD=/usr/bin/ld
lt_cv_path_NM='/usr/bin/nm -B'
lt_cv_prog_compiler_c_o=yes
lt_cv_prog_compiler_pic_works=yes
lt_cv_prog_compiler_rtti_exceptions=no
lt_cv_prog_compiler_static_works=no
lt_cv_prog_gnu_ld=yes
lt_cv_sys_global_symbol_pipe='sed -n -e '\''s/^.*[	 ]\([ABCDGIRSTW][ABCDGIRSTW]*\)[	 ][	 ]*\([_A-Za-z][_A-Za-z0-9]*\)$/\1 \2 \2/p'\'''
lt_cv_sys_global_symbol_to_c_name_address='sed -n -e '\''s/^: \([^ ]*\) $/  {\"\1\", (void *) 0},/p'\'' -e '\''s/^[ABCDGIRSTW]* \([^ ]*\) \([^ ]*\)$/  {"\2", (void *) \&\2},/p'\'''
lt_cv_sys_global_symbol_to_c_name_address_lib_prefix='sed -n -e '\''s/^: \([^ ]*\) $/  {\"\1\", (void *) 0},/p'\'' -e '\''s/^[ABCDGIRSTW]* \([^ ]*\) \(lib[^ ]*\)$/  {"\2", (void *) \&\2},/p'\'' -e '\''s/^[ABCDGIRSTW]* \([^ ]*\) \([^ ]*\)$/  {"lib\2", (void *) \&\2},/p'\'''
lt_cv_sys_global_symbol_to_cdecl='sed -n -e '\''s/^T .* \(.*\)$/extern int \1();/p'\'' -e '\''s/^[ABCDGIRSTW]* .* \(.*\)$/extern char \1;/p'\'''
lt_cv_sys_max_cmd_len=1572864
pkg_cv_GLIB_CFLAGS='-I/usr/include/glib-2.0 -I/usr/lib/glib-2.0/include  '
pkg_cv_GLIB_LIBS='-lglib-2.0  '
pkg_cv_LIBSN_CFLAGS='-I/usr/include/startup-notification-1.0  '
pkg_cv_LIBSN_LIBS='-lstartup-notification-1  '
pkg_cv_PANGO_CFLAGS='-pthread -I/usr/include/pango-1.0 -I/usr/include/glib-2.0 -I/usr/lib/glib-2.0/include -I/usr/include/freetype2  '
pkg_cv_PANGO_LIBS='-pthread -lpangoxft-1.0 -lpangoft2-1.0 -lXft -lpango-1.0 -lgobject-2.0 -lgmodule-2.0 -lgthread-2.0 -lrt -lglib-2.0 -lXrender -lfontconfig -lfreetype -lX11  '
pkg_cv_XCURSOR_CFLAGS=' '
pkg_cv_XCURSOR_LIBS='-lXcursor  '
pkg_cv_XFT_CFLAGS='-I/usr/include/freetype2  '
pkg_cv_XFT_LIBS='-lXft -lXrender -lfontconfig -lfreetype -lX11  '
pkg_cv_XML_CFLAGS='-I/usr/include/libxml2  '
pkg_cv_XML_LIBS='-lxml2  '

## ----------------- ##
## Output variables. ##
## ----------------- ##

ACLOCAL='${SHELL} /root/dev/obwm/openbox-3.4.11.2/missing --run aclocal-1.9'
AMDEPBACKSLASH=''
AMDEP_FALSE=''
AMDEP_TRUE='#'
AMTAR='${SHELL} /root/dev/obwm/openbox-3.4.11.2/missing --run tar'
AR='ar'
AUTOCONF='${SHELL} /root/dev/obwm/openbox-3.4.11.2/missing --run autoconf'
AUTOHEADER='${SHELL} /root/dev/obwm/openbox-3.4.11.2/missing --run autoheader'
AUTOMAKE='${SHELL} /root/dev/obwm/openbox-3.4.11.2/missing --run automake-1.9'
AWK='gawk'
CC='gcc'
CCDEPMODE='depmode=none'
CFLAGS='-g -O2 -DNDEBUG -DG_DISABLE_ASSERT -fno-strict-aliasing'
CPP='gcc -E'
CPPFLAGS=''
CYGPATH_W='echo'
DEFS='-DPACKAGE_NAME=\"openbox\" -DPACKAGE_TARNAME=\"openbox\" -DPACKAGE_VERSION=\"3.4.11.2\" -DPACKAGE_STRING=\"openbox\ 3.4.11.2\" -DPACKAGE_BUGREPORT=\"http://bugzilla.icculus.org\" -DPACKAGE_URL=\"\" -DPACKAGE=\"openbox\" -DVERSION=\"3.4.11.2\" -DSTDC_HEADERS=1 -DHAVE_SYS_TYPES_H=1 -DHAVE_SYS_STAT_H=1 -DHAVE_STDLIB_H=1 -DHAVE_STRING_H=1 -DHAVE_MEMORY_H=1 -DHAVE_STRINGS_H=1 -DHAVE_INTTYPES_H=1 -DHAVE_STDINT_H=1 -DHAVE_UNISTD_H=1 -DHAVE_DLFCN_H=1 -DLT_OBJDIR=\".libs/\" -DENABLE_NLS=1 -DHAVE_GETTEXT=1 -DHAVE_DCGETTEXT=1 -DHAVE_CTYPE_H=1 -DHAVE_FCNTL_H=1 -DHAVE_LOCALE_H=1 -DHAVE_SIGNAL_H=1 -DHAVE_STRING_H=1 -DHAVE_STDIO_H=1 -DHAVE_STDLIB_H=1 -DHAVE_UNISTD_H=1 -DHAVE_SYS_STAT_H=1 -DHAVE_SYS_SELECT_H=1 -DHAVE_SYS_TIME_H=1 -DHAVE_SYS_WAIT_H=1 -DUSE_LIBSN=1 -DUSE_XCURSOR=1 -DHAVE_LIBX11=1 -DHAVE_X11_SM_SMLIB_H=1 -DUSE_SM=1 -DXKB=1 -DXRANDR=1 -DSHAPE=1 -DXINERAMA=1 -DSYNC=1'
DEPDIR='.deps'
DSYMUTIL=''
DUMPBIN=''
ECHO_C=''
ECHO_N='-n'
ECHO_T=''
EFENCE_LIBS=''
EGREP='/bin/grep -E'
EXEEXT=''
FGREP='/bin/grep -F'
GLIB_CFLAGS='-I/usr/include/glib-2.0 -I/usr/lib/glib-2.0/include  '
GLIB_LIBS='-lglib-2.0  '
GMSGFMT='/usr/bin/msgfmt'
GMSGFMT_015='/usr/bin/msgfmt'
GREP='/bin/grep'
INSTALL_DATA='${INSTALL} -m 644'
INSTALL_PROGRAM='${INSTALL}'
INSTALL_SCRIPT='${INSTALL}'
INSTALL_STRIP_PROGRAM='${SHELL} $(install_sh) -c -s'
INTLLIBS=''
INTL_MACOSX_LIBS=''
LD='/usr/bin/ld'
LDFLAGS=''
LIBICONV='-liconv'
LIBINTL=''
LIBOBJS=''
LIBS=' '
LIBSN_CFLAGS='-I/usr/include/startup-notification-1.0  '
LIBSN_LIBS='-lstartup-notification-1  '
LIBTOOL='$(SHELL) $(top_builddir)/libtool --silent'
LIBTOOL_DEPS='./ltmain.sh'
LIPO=''
LN_S='ln -s'
LTLIBICONV='-liconv'
LTLIBINTL=''
LTLIBOBJS=''
LT_AGE='0'
LT_CURRENT='21'
LT_CURRENT_MINUS_AGE='21'
LT_RELEASE='3.4'
LT_REVISION='9'
MAKEINFO='${SHELL} /root/dev/obwm/openbox-3.4.11.2/missing --run makeinfo'
MSGFMT='/usr/bin/msgfmt'
MSGFMT_015='/usr/bin/msgfmt'
MSGMERGE='/usr/bin/msgmerge'
NM='/usr/bin/nm -B'
NMEDIT=''
OBJDUMP='objdump'
OBJEXT='o'
OB_BINARY_AGE='9'
OB_INTERFACE_AGE='9'
OB_MAJOR_VERSION='3'
OB_MICRO_VERSION='30'
OB_MINOR_VERSION='4'
OB_VERSION='3.4.11.2'
OTOOL64=''
OTOOL=''
PACKAGE='openbox'
PACKAGE_BUGREPORT='http://bugzilla.icculus.org'
PACKAGE_NAME='openbox'
PACKAGE_STRING='openbox 3.4.11.2'
PACKAGE_TARNAME='openbox'
PACKAGE_URL=''
PACKAGE_VERSION='3.4.11.2'
PANGO_CFLAGS='-pthread -I/usr/include/pango-1.0 -I/usr/include/glib-2.0 -I/usr/lib/glib-2.0/include -I/usr/include/freetype2  '
PANGO_LIBS='-pthread -lpangoxft-1.0 -lpangoft2-1.0 -lXft -lpango-1.0 -lgobject-2.0 -lgmodule-2.0 -lgthread-2.0 -lrt -lglib-2.0 -lXrender -lfontconfig -lfreetype -lX11  '
PATH_SEPARATOR=':'
PKG_CONFIG='/usr/bin/pkg-config'
POSUB='po'
RANLIB='ranlib'
SED='/bin/sed'
SET_MAKE=''
SHELL='/bin/sh'
SM_CFLAGS=''
SM_LIBS='-lSM -lICE'
STRIP='strip'
USE_NLS='yes'
VERSION='3.4.11.2'
XCURSOR_CFLAGS=' '
XCURSOR_LIBS='-lXcursor  '
XFT_CFLAGS='-I/usr/include/freetype2  '
XFT_LIBS='-lXft -lXrender -lfontconfig -lfreetype -lX11  '
XGETTEXT='/usr/bin/xgettext'
XGETTEXT_015='/usr/bin/xgettext'
XINERAMA_LIBS='-lXext -lXinerama'
XKB_CFLAGS=''
XKB_LIBS=''
XMKMF=''
XML_CFLAGS='-I/usr/include/libxml2  '
XML_LIBS='-lxml2  '
XRANDR_CFLAGS=''
XRANDR_LIBS='-lXext -lXrender -lXrandr'
XSHAPE_CFLAGS=''
XSHAPE_LIBS='-lXext'
XSYNC_CFLAGS=''
XSYNC_LIBS='-lXext'
X_CFLAGS=''
X_EXTRA_LIBS=''
X_LIBS=' -lSM -lICE  -lX11'
X_PRE_LIBS=' -lSM -lICE'
ac_ct_CC='gcc'
ac_ct_DUMPBIN=''
am__fastdepCC_FALSE=''
am__fastdepCC_TRUE='#'
am__include='include'
am__leading_dot='.'
am__quote=''
am__tar='${AMTAR} chof - "$$tardir"'
am__untar='${AMTAR} xf -'
bindir='/usr/bin'
build='i686-pc-linux-gnu'
build_alias='i686-pc-linux-gnu'
build_cpu='i686'
build_os='linux-gnu'
build_vendor='pc'
datadir='/usr/share'
datarootdir='${prefix}/share'
docdir='${datarootdir}/doc/${PACKAGE_TARNAME}'
dvidir='${docdir}'
exec_prefix='/usr'
host='i686-pc-linux-gnu'
host_alias='i686-pc-linux-gnu'
host_cpu='i686'
host_os='linux-gnu'
host_vendor='pc'
htmldir='${docdir}'
includedir='/usr/include'
infodir='/usr/share/info'
install_sh='/root/dev/obwm/openbox-3.4.11.2/install-sh'
libdir='/usr/lib'
libexecdir='/usr/libexec'
localedir='${datarootdir}/locale'
localstatedir='/var'
lt_ECHO='echo'
mandir='/usr/share/man'
mkdir_p='mkdir -p --'
oldincludedir='/usr/include'
pdfdir='${docdir}'
prefix='/usr'
program_transform_name='s&^&&'
psdir='${docdir}'
sbindir='/usr/sbin'
sharedstatedir='/var/lib'
sysconfdir='/etc'
target_alias=''

## ----------- ##
## confdefs.h. ##
## ----------- ##

/* confdefs.h */
#define PACKAGE_NAME "openbox"
#define PACKAGE_TARNAME "openbox"
#define PACKAGE_VERSION "3.4.11.2"
#define PACKAGE_STRING "openbox 3.4.11.2"
#define PACKAGE_BUGREPORT "http://bugzilla.icculus.org"
#define PACKAGE_URL ""
#define PACKAGE "openbox"
#define VERSION "3.4.11.2"
#define STDC_HEADERS 1
#define HAVE_SYS_TYPES_H 1
#define HAVE_SYS_STAT_H 1
#define HAVE_STDLIB_H 1
#define HAVE_STRING_H 1
#define HAVE_MEMORY_H 1
#define HAVE_STRINGS_H 1
#define HAVE_INTTYPES_H 1
#define HAVE_STDINT_H 1
#define HAVE_UNISTD_H 1
#define HAVE_DLFCN_H 1
#define LT_OBJDIR ".libs/"
#define ENABLE_NLS 1
#define HAVE_GETTEXT 1
#define HAVE_DCGETTEXT 1
#define HAVE_CTYPE_H 1
#define HAVE_FCNTL_H 1
#define HAVE_LOCALE_H 1
#define HAVE_SIGNAL_H 1
#define HAVE_STRING_H 1
#define HAVE_STDIO_H 1
#define HAVE_STDLIB_H 1
#define HAVE_UNISTD_H 1
#define HAVE_SYS_STAT_H 1
#define HAVE_SYS_SELECT_H 1
#define HAVE_SYS_TIME_H 1
#define HAVE_SYS_WAIT_H 1
#define USE_LIBSN 1
#define USE_XCURSOR 1
#define HAVE_LIBX11 1
#define HAVE_X11_SM_SMLIB_H 1
#define USE_SM 1
#define XKB 1
#define XRANDR 1
#define SHAPE 1
#define XINERAMA 1
#define SYNC 1

configure: exit 0
